\BOOKMARK [1][-]{section.1}{Introduction}{}% 1
\BOOKMARK [2][-]{subsection.1.1}{Context and Motivation}{section.1}% 2
\BOOKMARK [2][-]{subsection.1.2}{Project Objectives}{section.1}% 3
\BOOKMARK [1][-]{section.2}{Literature Review}{}% 4
\BOOKMARK [2][-]{subsection.2.1}{First-Order Gradient Methods}{section.2}% 5
\BOOKMARK [2][-]{subsection.2.2}{Population-Based Metaheuristics}{section.2}% 6
\BOOKMARK [1][-]{section.3}{Methodology}{}% 7
\BOOKMARK [2][-]{subsection.3.1}{Dataset Profiles and Preprocessing}{section.3}% 8
\BOOKMARK [2][-]{subsection.3.2}{Mathematical Formulations of Optimizers}{section.3}% 9
\BOOKMARK [3][-]{subsubsection.3.2.1}{Stochastic Gradient Descent \(SGD\)}{subsection.3.2}% 10
\BOOKMARK [3][-]{subsubsection.3.2.2}{Adam \(Adaptive Moment Estimation\)}{subsection.3.2}% 11
\BOOKMARK [3][-]{subsubsection.3.2.3}{Particle Swarm Optimization \(PSO\)}{subsection.3.2}% 12
\BOOKMARK [2][-]{subsection.3.3}{System Architecture}{section.3}% 13
\BOOKMARK [1][-]{section.4}{Experimental Results}{}% 14
\BOOKMARK [2][-]{subsection.4.1}{Training Convergence Profile}{section.4}% 15
\BOOKMARK [2][-]{subsection.4.2}{Comparative Performance Synthesis}{section.4}% 16
\BOOKMARK [1][-]{section.5}{Discussions}{}% 17
\BOOKMARK [2][-]{subsection.5.1}{Visualizing Topographical Navigation \(2D Rastrigin\)}{section.5}% 18
\BOOKMARK [2][-]{subsection.5.2}{Distance-to-Origin Convergence Stability}{section.5}% 19
\BOOKMARK [2][-]{subsection.5.3}{Scalability Constraints and the Curse of Dimensionality}{section.5}% 20
\BOOKMARK [1][-]{section.6}{Conclusion}{}% 21
\BOOKMARK [1][-]{section.7}{Appendix}{}% 22
\BOOKMARK [2][-]{subsection.7.1}{Source Code and Notebook Repositories}{section.7}% 23
\BOOKMARK [2][-]{subsection.7.2}{Optimization Algorithm Engineering \(PyTorch\)}{section.7}% 24
